<?xml version="1.0" encoding="UTF-8"?>
<!-- Generated by org.testng.reporters.JUnitReportReporter -->
<testsuite skipped="1" hostname="LAPTOP-PNMKV3LP" name="com.qa.test.TC1_NewCustomer_Creation" tests="1" failures="0" timestamp="05 Apr 2019 11:25:06 GMT" time="0.000" errors="0">
  <testcase name="Creation_NewCustomer" time="0.000" classname="com.qa.test.TC1_NewCustomer_Creation">
    <skipped/>
  </testcase> <!-- Creation_NewCustomer -->
</testsuite> <!-- com.qa.test.TC1_NewCustomer_Creation -->
